[2026-02-01T20:47:01.972+0000] {local_task_job_runner.py:120} INFO - ::group::Pre task execution logs
[2026-02-01T20:47:02.000+0000] {taskinstance.py:2076} INFO - Dependencies all met for dep_context=non-requeueable deps ti=<TaskInstance: flatten_json_xml_to_linear.flatten_pets_json manual__2026-02-01T20:46:54.563720+00:00 [queued]>
[2026-02-01T20:47:02.007+0000] {taskinstance.py:2076} INFO - Dependencies all met for dep_context=requeueable deps ti=<TaskInstance: flatten_json_xml_to_linear.flatten_pets_json manual__2026-02-01T20:46:54.563720+00:00 [queued]>
[2026-02-01T20:47:02.008+0000] {taskinstance.py:2306} INFO - Starting attempt 1 of 1
[2026-02-01T20:47:02.017+0000] {taskinstance.py:2330} INFO - Executing <Task(PythonOperator): flatten_pets_json> on 2026-02-01 20:46:54.563720+00:00
[2026-02-01T20:47:02.024+0000] {standard_task_runner.py:90} INFO - Running: ['***', 'tasks', 'run', 'flatten_json_xml_to_linear', 'flatten_pets_json', 'manual__2026-02-01T20:46:54.563720+00:00', '--job-id', '5', '--raw', '--subdir', 'DAGS_FOLDER/flatten_sources_dag.py', '--cfg-path', '/tmp/tmpttqfx4nd']
[2026-02-01T20:47:02.026+0000] {standard_task_runner.py:91} INFO - Job 5: Subtask flatten_pets_json
[2026-02-01T20:47:02.027+0000] {logging_mixin.py:188} WARNING - /home/***/.local/lib/python3.12/site-packages/***/task/task_runner/standard_task_runner.py:62 DeprecationWarning: This process (pid=117) is multi-threaded, use of fork() may lead to deadlocks in the child.
[2026-02-01T20:47:02.028+0000] {standard_task_runner.py:64} INFO - Started process 134 to run task
[2026-02-01T20:47:02.085+0000] {task_command.py:426} INFO - Running <TaskInstance: flatten_json_xml_to_linear.flatten_pets_json manual__2026-02-01T20:46:54.563720+00:00 [running]> on host 36e8cf71e255
[2026-02-01T20:47:02.162+0000] {taskinstance.py:2648} INFO - Exporting env vars: AIRFLOW_CTX_DAG_OWNER='***' AIRFLOW_CTX_DAG_ID='flatten_json_xml_to_linear' AIRFLOW_CTX_TASK_ID='flatten_pets_json' AIRFLOW_CTX_EXECUTION_DATE='2026-02-01T20:46:54.563720+00:00' AIRFLOW_CTX_TRY_NUMBER='1' AIRFLOW_CTX_DAG_RUN_ID='manual__2026-02-01T20:46:54.563720+00:00'
[2026-02-01T20:47:02.163+0000] {taskinstance.py:430} INFO - ::endgroup::
[2026-02-01T20:47:02.173+0000] {taskinstance.py:441} INFO - ::group::Post task execution logs
[2026-02-01T20:47:02.174+0000] {taskinstance.py:2905} ERROR - Task failed with exception
Traceback (most recent call last):
  File "/home/airflow/.local/lib/python3.12/site-packages/airflow/models/taskinstance.py", line 465, in _execute_task
    result = _execute_callable(context=context, **execute_callable_kwargs)
             ^^^^^^^^^^^^^^^^^^^^^^^^^^^^^^^^^^^^^^^^^^^^^^^^^^^^^^^^^^^^^
  File "/home/airflow/.local/lib/python3.12/site-packages/airflow/models/taskinstance.py", line 432, in _execute_callable
    return execute_callable(context=context, **execute_callable_kwargs)
           ^^^^^^^^^^^^^^^^^^^^^^^^^^^^^^^^^^^^^^^^^^^^^^^^^^^^^^^^^^^^
  File "/home/airflow/.local/lib/python3.12/site-packages/airflow/models/baseoperator.py", line 401, in wrapper
    return func(self, *args, **kwargs)
           ^^^^^^^^^^^^^^^^^^^^^^^^^^^
  File "/home/airflow/.local/lib/python3.12/site-packages/airflow/operators/python.py", line 235, in execute
    return_value = self.execute_callable()
                   ^^^^^^^^^^^^^^^^^^^^^^^
  File "/home/airflow/.local/lib/python3.12/site-packages/airflow/operators/python.py", line 252, in execute_callable
    return self.python_callable(*self.op_args, **self.op_kwargs)
           ^^^^^^^^^^^^^^^^^^^^^^^^^^^^^^^^^^^^^^^^^^^^^^^^^^^^^
  File "/opt/airflow/dags/flatten_sources_dag.py", line 12, in flatten_pets_json
    with open(f"{DATA_DIR}/pets-data.json", "r", encoding="utf-8") as f:
         ^^^^^^^^^^^^^^^^^^^^^^^^^^^^^^^^^^^^^^^^^^^^^^^^^^^^^^^^^
FileNotFoundError: [Errno 2] No such file or directory: '/data/pets-data.json'
[2026-02-01T20:47:02.188+0000] {taskinstance.py:1206} INFO - Marking task as FAILED. dag_id=flatten_json_xml_to_linear, task_id=flatten_pets_json, run_id=manual__2026-02-01T20:46:54.563720+00:00, execution_date=20260201T204654, start_date=20260201T204702, end_date=20260201T204702
[2026-02-01T20:47:02.196+0000] {standard_task_runner.py:110} ERROR - Failed to execute job 5 for task flatten_pets_json ([Errno 2] No such file or directory: '/data/pets-data.json'; 134)
[2026-02-01T20:47:02.202+0000] {local_task_job_runner.py:243} INFO - Task exited with return code 1
[2026-02-01T20:47:02.217+0000] {taskinstance.py:3503} INFO - 0 downstream tasks scheduled from follow-on schedule check
[2026-02-01T20:47:02.219+0000] {local_task_job_runner.py:222} INFO - ::endgroup::
